Arguments:
  /home/linuxbrew/.linuxbrew/Cellar/node/18.5.0/bin/node /snap/node/6488/bin/yarn.js global dir --json

PATH:
  /home/linuxbrew/.linuxbrew/bin:/home/linuxbrew/.linuxbrew/sbin:/usr/local/sbin:/usr/local/bin:/usr/sbin:/usr/bin:/sbin:/bin:/usr/games:/usr/local/games:/snap/bin:/snap/bin

Yarn version:
  1.22.19

Node version:
  18.5.0

Platform:
  linux x64

Trace:
  Error: EACCES: permission denied, write
      at writeSync (node:fs:932:3)
      at SyncWriteStream._write (node:internal/fs/sync_write_stream:26:3)
      at writeOrBuffer (node:internal/streams/writable:392:12)
      at _write (node:internal/streams/writable:333:10)
      at Writable.write (node:internal/streams/writable:337:10)
      at JSONReporter._dump (/snap/node/6488/lib/cli.js:49577:12)
      at JSONReporter.log (/snap/node/6488/lib/cli.js:49605:10)
      at dir (/snap/node/6488/lib/cli.js:36307:14)
      at Object.<anonymous> (/snap/node/6488/lib/cli.js:25987:25)
      at Generator.next (<anonymous>)

npm manifest:
  No manifest

yarn manifest:
  No manifest

Lockfile:
  No lockfile
